0 info it worked if it ends with ok
1 verbose cli [ 'node', '/usr/local/bin/npm', 'start' ]
2 info using npm@3.5.3
3 info using node@v0.12.7
4 verbose node symlink /usr/local/bin/node
5 verbose run-script [ 'prestart', 'start', 'poststart' ]
6 info lifecycle live-polling@1.0.0~prestart: live-polling@1.0.0
7 verbose lifecycle live-polling@1.0.0~prestart: unsafe-perm in lifecycle true
8 verbose lifecycle live-polling@1.0.0~prestart: PATH: /usr/local/lib/node_modules/npm/bin/node-gyp-bin:/Users/jamisonwight/Sites/react-practice/polling-app/node_modules/.bin:/usr/local/bin:/usr/bin:/bin:/usr/sbin:/sbin:/opt/X11/bin
9 verbose lifecycle live-polling@1.0.0~prestart: CWD: /Users/jamisonwight/Sites/react-practice/polling-app
10 silly lifecycle live-polling@1.0.0~prestart: Args: [ '-c', 'webpack' ]
11 silly lifecycle live-polling@1.0.0~prestart: Returned: code: 2  signal: null
12 info lifecycle live-polling@1.0.0~prestart: Failed to exec prestart script
13 verbose stack Error: live-polling@1.0.0 prestart: `webpack`
13 verbose stack Exit status 2
13 verbose stack     at EventEmitter.<anonymous> (/usr/local/lib/node_modules/npm/lib/utils/lifecycle.js:232:16)
13 verbose stack     at EventEmitter.emit (events.js:110:17)
13 verbose stack     at ChildProcess.<anonymous> (/usr/local/lib/node_modules/npm/lib/utils/spawn.js:24:14)
13 verbose stack     at ChildProcess.emit (events.js:110:17)
13 verbose stack     at maybeClose (child_process.js:1015:16)
13 verbose stack     at Process.ChildProcess._handle.onexit (child_process.js:1087:5)
14 verbose pkgid live-polling@1.0.0
15 verbose cwd /Users/jamisonwight/Sites/react-practice/polling-app
16 error Darwin 15.0.0
17 error argv "node" "/usr/local/bin/npm" "start"
18 error node v0.12.7
19 error npm  v3.5.3
20 error code ELIFECYCLE
21 error live-polling@1.0.0 prestart: `webpack`
21 error Exit status 2
22 error Failed at the live-polling@1.0.0 prestart script 'webpack'.
22 error Make sure you have the latest version of node.js and npm installed.
22 error If you do, this is most likely a problem with the live-polling package,
22 error not with npm itself.
22 error Tell the author that this fails on your system:
22 error     webpack
22 error You can get information on how to open an issue for this project with:
22 error     npm bugs live-polling
22 error Or if that isn't available, you can get their info via:
22 error     npm owner ls live-polling
22 error There is likely additional logging output above.
23 verbose exit [ 1, true ]
